<?xml version="1.0" encoding="UTF-8"?>
<testsuite xmlns:xsi="http://www.w3.org/2001/XMLSchema-instance" xsi:noNamespaceSchemaLocation="https://maven.apache.org/surefire/maven-surefire-plugin/xsd/surefire-test-report-3.0.xsd" version="3.0" name="com.mycompany.regandlogin1.Login_1Test" time="0.823" tests="1" errors="1" skipped="0" failures="0">
  <properties>
[...]
</properties>
  <testcase name="testRegisterUser" classname="com.mycompany.regandlogin1.Login_1Test" time="0.376">
    <error message="Cannot invoke &quot;String.contains(java.lang.CharSequence)&quot; because &quot;this.username&quot; is null" type="java.lang.NullPointerException"><![CDATA[java.lang.NullPointerException: Cannot invoke "String.contains(java.lang.CharSequence)" because "this.username" is null
	at com.mycompany.regandlogin1.Login_1.checkUserName(Login_1.java:31)
	at com.mycompany.regandlogin1.Login_1.registerUser(Login_1.java:58)
	at com.mycompany.regandlogin1.Login_1Test.testRegisterUser(Login_1Test.java:89)
	at java.base/java.lang.reflect.Method.invoke(Method.java:565)
	at java.base/java.util.ArrayList.forEach(ArrayList.java:1604)
	at java.base/java.util.ArrayList.forEach(ArrayList.java:1604)
]]></error>
    <system-out><![CDATA[registerUser
]]></system-out>
  </testcase>
</testsuite>